<?xml version="1.0" encoding="UTF-8"?>
<testng-results ignored="0" total="1" passed="1" failed="0" skipped="0">
  <reporter-output>
  </reporter-output>
  <suite started-at="2022-03-19T08:00:55 IST" name="Default suite" finished-at="2022-03-19T08:01:27 IST" duration-ms="32763">
    <groups>
    </groups>
    <test started-at="2022-03-19T08:00:55 IST" name="Default test" finished-at="2022-03-19T08:01:27 IST" duration-ms="32763">
      <class name="NewTours.RegistrationTest">
        <test-method signature="verifyRegistration()[pri:0, instance:NewTours.RegistrationTest@7164ca4c]" started-at="2022-03-19T08:00:55 IST" name="verifyRegistration" finished-at="2022-03-19T08:01:27 IST" duration-ms="32674" status="PASS">
          <reporter-output>
          </reporter-output>
        </test-method> <!-- verifyRegistration -->
      </class> <!-- NewTours.RegistrationTest -->
    </test> <!-- Default test -->
  </suite> <!-- Default suite -->
</testng-results>
